Using pre-set license
Built from '2021.3/staging' branch; Version is '2021.3.6f1 (7da38d85baf6) revision 8233869'; Using compiler version '192829333'; Build Type 'Release'
OS: 'Windows 10  (10.0.19045) 64bit Core' Language: 'ja' Physical Memory: 16321 MB
BatchMode: 1, IsHumanControllingUs: 0, StartBugReporterOnCrash: 0, Is64bit: 1, IsPro: 1

COMMAND LINE ARGUMENTS:
C:\Program Files\Unity\Hub\Editor\2021.3.6f1\Editor\Unity.exe
-adb2
-batchMode
-noUpm
-name
AssetImportWorker2
-projectPath
C:/Users/大貴/Documents/GitHub/FOREVERgit/FOREVER
-logFile
Logs/AssetImportWorker2.log
-srvPort
54702
Successfully changed project path to: C:/Users/大貴/Documents/GitHub/FOREVERgit/FOREVER
C:/Users/大貴/Documents/GitHub/FOREVERgit/FOREVER
[UnityMemory] Configuration Parameters - Can be set up in boot.config
    "memorysetup-bucket-allocator-granularity=16"
    "memorysetup-bucket-allocator-bucket-count=8"
    "memorysetup-bucket-allocator-block-size=33554432"
    "memorysetup-bucket-allocator-block-count=8"
    "memorysetup-main-allocator-block-size=16777216"
    "memorysetup-thread-allocator-block-size=16777216"
    "memorysetup-gfx-main-allocator-block-size=16777216"
    "memorysetup-gfx-thread-allocator-block-size=16777216"
    "memorysetup-cache-allocator-block-size=4194304"
    "memorysetup-typetree-allocator-block-size=2097152"
    "memorysetup-profiler-bucket-allocator-granularity=16"
    "memorysetup-profiler-bucket-allocator-bucket-count=8"
    "memorysetup-profiler-bucket-allocator-block-size=33554432"
    "memorysetup-profiler-bucket-allocator-block-count=8"
    "memorysetup-profiler-allocator-block-size=16777216"
    "memorysetup-profiler-editor-allocator-block-size=1048576"
    "memorysetup-temp-allocator-size-main=16777216"
    "memorysetup-job-temp-allocator-block-size=2097152"
    "memorysetup-job-temp-allocator-block-size-background=1048576"
    "memorysetup-job-temp-allocator-reduction-small-platforms=262144"
    "memorysetup-temp-allocator-size-background-worker=32768"
    "memorysetup-temp-allocator-size-job-worker=262144"
    "memorysetup-temp-allocator-size-preload-manager=33554432"
    "memorysetup-temp-allocator-size-nav-mesh-worker=65536"
    "memorysetup-temp-allocator-size-audio-worker=65536"
    "memorysetup-temp-allocator-size-cloud-worker=32768"
    "memorysetup-temp-allocator-size-gi-baking-worker=262144"
    "memorysetup-temp-allocator-size-gfx=262144"
Refreshing native plugins compatible for Editor in 190.98 ms, found 4 plugins.
Preloading 0 native plugins for Editor in 0.00 ms.
Initialize engine version: 2021.3.6f1 (7da38d85baf6)
[Subsystems] Discovering subsystems at path C:/Program Files/Unity/Hub/Editor/2021.3.6f1/Editor/Data/Resources/UnitySubsystems
[Subsystems] Discovering subsystems at path C:/Users/大貴/Documents/GitHub/FOREVERgit/FOREVER/Assets
GfxDevice: creating device client; threaded=0; jobified=0
Direct3D:
    Version:  Direct3D 11.0 [level 11.1]
    Renderer: NVIDIA GeForce GTX 1060 6GB (ID=0x1b83)
    Vendor:   NVIDIA
    VRAM:     6052 MB
    Driver:   30.0.15.1215
Initialize mono
Mono path[0] = 'C:/Program Files/Unity/Hub/Editor/2021.3.6f1/Editor/Data/Managed'
Mono path[1] = 'C:/Program Files/Unity/Hub/Editor/2021.3.6f1/Editor/Data/MonoBleedingEdge/lib/mono/unityjit-win32'
Mono config path = 'C:/Program Files/Unity/Hub/Editor/2021.3.6f1/Editor/Data/MonoBleedingEdge/etc'
Using monoOptions --debugger-agent=transport=dt_socket,embedding=1,server=y,suspend=n,address=127.0.0.1:56532
Begin MonoManager ReloadAssembly
Registering precompiled unity dll's ...
Register platform support module: C:/Program Files/Unity/Hub/Editor/2021.3.6f1/Editor/Data/PlaybackEngines/WebGLSupport/UnityEditor.WebGL.Extensions.dll
Register platform support module: C:/Program Files/Unity/Hub/Editor/2021.3.6f1/Editor/Data/PlaybackEngines/WindowsStandaloneSupport/UnityEditor.WindowsStandalone.Extensions.dll
Registered in 0.015199 seconds.
Native extension for WindowsStandalone target not found
Native extension for WebGL target not found
Refreshing native plugins compatible for Editor in 179.14 ms, found 4 plugins.
Preloading 0 native plugins for Editor in 0.00 ms.
Mono: successfully reloaded assembly
- Completed reload, in  1.017 seconds
Domain Reload Profiling:
	ReloadAssembly (1017ms)
		BeginReloadAssembly (135ms)
			ExecutionOrderSort (0ms)
			DisableScriptedObjects (0ms)
			BackupInstance (0ms)
			ReleaseScriptingObjects (0ms)
			CreateAndSetChildDomain (1ms)
		EndReloadAssembly (706ms)
			LoadAssemblies (131ms)
			RebuildTransferFunctionScriptingTraits (0ms)
			SetupTypeCache (154ms)
			ReleaseScriptCaches (0ms)
			RebuildScriptCaches (38ms)
			SetupLoadedEditorAssemblies (433ms)
				LogAssemblyErrors (0ms)
				InitializePlatformSupportModulesInManaged (13ms)
				SetLoadedEditorAssemblies (0ms)
				RefreshPlugins (179ms)
				BeforeProcessingInitializeOnLoad (2ms)
				ProcessInitializeOnLoadAttributes (172ms)
				ProcessInitializeOnLoadMethodAttributes (66ms)
				AfterProcessingInitializeOnLoad (0ms)
				EditorAssembliesLoaded (0ms)
			ExecutionOrderSort2 (0ms)
			AwakeInstancesAfterBackupRestoration (0ms)
Platform modules already initialized, skipping
Registering precompiled user dll's ...
Registered in 0.027862 seconds.
Begin MonoManager ReloadAssembly
Symbol file LoadedFromMemory doesn't match image C:\Users\大貴\Documents\GitHub\FOREVERgit\FOREVER\Library\PackageCache\com.unity.visualscripting@1.7.8\Editor\VisualScripting.Core\Dependencies\YamlDotNet\Unity.VisualScripting.YamlDotNet.dll
Symbol file LoadedFromMemory doesn't match image C:\Users\大貴\Documents\GitHub\FOREVERgit\FOREVER\Library\PackageCache\com.unity.visualscripting@1.7.8\Editor\VisualScripting.Core\Dependencies\DotNetZip\Unity.VisualScripting.IonicZip.dll
Native extension for WindowsStandalone target not found
Native extension for WebGL target not found
Refreshing native plugins compatible for Editor in 167.11 ms, found 4 plugins.
Preloading 0 native plugins for Editor in 0.00 ms.
Mono: successfully reloaded assembly
- Completed reload, in  2.136 seconds
Domain Reload Profiling:
	ReloadAssembly (2137ms)
		BeginReloadAssembly (180ms)
			ExecutionOrderSort (0ms)
			DisableScriptedObjects (8ms)
			BackupInstance (0ms)
			ReleaseScriptingObjects (0ms)
			CreateAndSetChildDomain (26ms)
		EndReloadAssembly (1765ms)
			LoadAssemblies (220ms)
			RebuildTransferFunctionScriptingTraits (0ms)
			SetupTypeCache (452ms)
			ReleaseScriptCaches (1ms)
			RebuildScriptCaches (119ms)
			SetupLoadedEditorAssemblies (927ms)
				LogAssemblyErrors (0ms)
				InitializePlatformSupportModulesInManaged (10ms)
				SetLoadedEditorAssemblies (0ms)
				RefreshPlugins (167ms)
				BeforeProcessingInitializeOnLoad (204ms)
				ProcessInitializeOnLoadAttributes (386ms)
				ProcessInitializeOnLoadMethodAttributes (145ms)
				AfterProcessingInitializeOnLoad (15ms)
				EditorAssembliesLoaded (0ms)
			ExecutionOrderSort2 (0ms)
			AwakeInstancesAfterBackupRestoration (8ms)
Platform modules already initialized, skipping
========================================================================
Worker process is ready to serve import requests
database is locked
Failed to delete database file Library/ShaderCache.db
Launched and connected shader compiler UnityShaderCompiler.exe after 0.14 seconds
Refreshing native plugins compatible for Editor in 2.34 ms, found 4 plugins.
Preloading 0 native plugins for Editor in 0.00 ms.
Unloading 6322 Unused Serialized files (Serialized files now loaded: 0)
Unloading 44 unused Assets / (352.0 KB). Loaded Objects now: 6803.
Memory consumption went from 261.2 MB to 260.9 MB.
Total: 8.257300 ms (FindLiveObjects: 0.925900 ms CreateObjectMapping: 0.517100 ms MarkObjects: 6.369600 ms  DeleteObjects: 0.443000 ms)

AssetImportParameters requested are different than current active one (requested -> active):
  custom:video-decoder-ogg-theora: a1e56fd34408186e4bbccfd4996cb3dc -> 
  custom:container-muxer-webm: aa71ff27fc2769a1b78a27578f13a17b -> 
  custom:container-demuxer-webm: 4f35f7cbe854078d1ac9338744f61a02 -> 
  custom:video-encoder-webm-vp8: eb34c28f22e8b96e1ab97ce403110664 -> 
  custom:audio-encoder-webm-vorbis: bf7c407c2cedff20999df2af8eb42d56 -> 
  custom:framework-win-MediaFoundation: 216162199b28c13a410421893ffa2e32 -> 
  custom:container-demuxer-ogg: 62fdf1f143b41e24485cea50d1cbac27 -> 
  custom:video-decoder-webm-vp8: 9c59270c3fd7afecdb556c50c9e8de78 -> 
  custom:audio-decoder-ogg-vorbis: bf7c407c2cedff20999df2af8eb42d56 -> 
========================================================================
Received Import Request.
  Time since last request: 638298.309223 seconds.
  path: Assets/Fonts/PixelMplus12-Bold.ttf
  artifactKey: Guid(aa5ad60c51e40e24ebaed9e904a5f00e) Importer(815301076,1909f56bfc062723c751e8b465ee728b)
Start importing Assets/Fonts/PixelMplus12-Bold.ttf using Guid(aa5ad60c51e40e24ebaed9e904a5f00e) Importer(815301076,1909f56bfc062723c751e8b465ee728b)  -> (artifact id: '9707752d7abf6f15cf4fea0318397e23') in 0.404979 seconds 
========================================================================
Received Import Request.
  Time since last request: 552.878575 seconds.
  path: Assets/Scenes/Tutorial 1.unity
  artifactKey: Guid(d0415984565f8d2469a71fd42d3363b0) Importer(815301076,1909f56bfc062723c751e8b465ee728b)
Start importing Assets/Scenes/Tutorial 1.unity using Guid(d0415984565f8d2469a71fd42d3363b0) Importer(815301076,1909f56bfc062723c751e8b465ee728b)  -> (artifact id: '5276b021927d9b0ad29291d8efb9b789') in 0.004744 seconds 
========================================================================
Received Import Request.
  Time since last request: 83.919569 seconds.
  path: Assets/Fungus/Fungus.asmdef
  artifactKey: Guid(007db7f7a4c8f944990d71603a110f82) Importer(815301076,1909f56bfc062723c751e8b465ee728b)
Start importing Assets/Fungus/Fungus.asmdef using Guid(007db7f7a4c8f944990d71603a110f82) Importer(815301076,1909f56bfc062723c751e8b465ee728b)  -> (artifact id: 'cfe247e584ffb4af54e5ad27e2b74f8e') in 0.007518 seconds 
========================================================================
Received Import Request.
  Time since last request: 34.886557 seconds.
  path: Assets/Fonts/PixelMplus10-Regular SDF.asset
  artifactKey: Guid(9b742ab16c4699d42977eb4393a67b69) Importer(815301076,1909f56bfc062723c751e8b465ee728b)
Start importing Assets/Fonts/PixelMplus10-Regular SDF.asset using Guid(9b742ab16c4699d42977eb4393a67b69) Importer(815301076,1909f56bfc062723c751e8b465ee728b)  -> (artifact id: 'e30cdd3db1d30d6a445f720f2b66d7b4') in 1.301513 seconds 
========================================================================
Received Import Request.
  Time since last request: 104.118118 seconds.
  path: Assets/Fonts/PixelMplus12-Bold SDF.asset
  artifactKey: Guid(b9ac4c4f14570614a902fd95498e8dce) Importer(815301076,1909f56bfc062723c751e8b465ee728b)
Start importing Assets/Fonts/PixelMplus12-Bold SDF.asset using Guid(b9ac4c4f14570614a902fd95498e8dce) Importer(815301076,1909f56bfc062723c751e8b465ee728b)  -> (artifact id: 'd9265baca278d96ed3e21a7b38c39c65') in 1.212719 seconds 
========================================================================
Received Import Request.
  Time since last request: 47.162117 seconds.
  path: Assets/Fonts/PixelMplus10-Regular SDF.asset
  artifactKey: Guid(9b742ab16c4699d42977eb4393a67b69) Importer(815301076,1909f56bfc062723c751e8b465ee728b)
Start importing Assets/Fonts/PixelMplus10-Regular SDF.asset using Guid(9b742ab16c4699d42977eb4393a67b69) Importer(815301076,1909f56bfc062723c751e8b465ee728b)  -> (artifact id: 'ae2343ffd4f503bc2f79681f5274edf2') in 1.358670 seconds 
========================================================================
Received Import Request.
  Time since last request: 11.456084 seconds.
  path: Assets/Scenes/Tutorial 2.unity
  artifactKey: Guid(ccb0985a21f99914e928f1b7826d1719) Importer(815301076,1909f56bfc062723c751e8b465ee728b)
Start importing Assets/Scenes/Tutorial 2.unity using Guid(ccb0985a21f99914e928f1b7826d1719) Importer(815301076,1909f56bfc062723c751e8b465ee728b)  -> (artifact id: 'd46824a1ac492add813c599959f1659c') in 0.004224 seconds 
========================================================================
Received Import Request.
  Time since last request: 24.370445 seconds.
  path: Assets/Scenes/Tutorial 3.unity
  artifactKey: Guid(b3f8df304e278304fa00e230268fd3b4) Importer(815301076,1909f56bfc062723c751e8b465ee728b)
Start importing Assets/Scenes/Tutorial 3.unity using Guid(b3f8df304e278304fa00e230268fd3b4) Importer(815301076,1909f56bfc062723c751e8b465ee728b)  -> (artifact id: '56e49b34a4cd5d6f42d2f9d784e330f7') in 0.004146 seconds 
========================================================================
Received Import Request.
  Time since last request: 21.946857 seconds.
  path: Assets/Scenes/Tutorial 4.unity
  artifactKey: Guid(0706749d45d03764ebc80d16bdc6eba2) Importer(815301076,1909f56bfc062723c751e8b465ee728b)
Start importing Assets/Scenes/Tutorial 4.unity using Guid(0706749d45d03764ebc80d16bdc6eba2) Importer(815301076,1909f56bfc062723c751e8b465ee728b)  -> (artifact id: '8b83c3c2b98e8e8457dd9abe365b168e') in 0.005900 seconds 
========================================================================
Received Import Request.
  Time since last request: 22.287129 seconds.
  path: Assets/Settings/Lit2DSceneTemplate.scenetemplate
  artifactKey: Guid(d03ed43fc9d8a4f2e9fa70c1c7916eb9) Importer(815301076,1909f56bfc062723c751e8b465ee728b)
Start importing Assets/Settings/Lit2DSceneTemplate.scenetemplate using Guid(d03ed43fc9d8a4f2e9fa70c1c7916eb9) Importer(815301076,1909f56bfc062723c751e8b465ee728b)  -> (artifact id: '9ca8933c12b6098a5df52859f6839372') in 0.102343 seconds 
========================================================================
Received Import Request.
  Time since last request: 34.728682 seconds.
  path: Assets/Scenes/Story 2.unity
  artifactKey: Guid(dd9de41e80bd8ba4aadbe0ce0db16e76) Importer(815301076,1909f56bfc062723c751e8b465ee728b)
Start importing Assets/Scenes/Story 2.unity using Guid(dd9de41e80bd8ba4aadbe0ce0db16e76) Importer(815301076,1909f56bfc062723c751e8b465ee728b)  -> (artifact id: '9a70a71df9a1398d6a48fb700f0cd4f3') in 0.005635 seconds 
========================================================================
Received Import Request.
  Time since last request: 4.844412 seconds.
  path: Assets/Scenes/Story.unity
  artifactKey: Guid(577c6e3e72d8fdb489267b81477f36bb) Importer(815301076,1909f56bfc062723c751e8b465ee728b)
Start importing Assets/Scenes/Story.unity using Guid(577c6e3e72d8fdb489267b81477f36bb) Importer(815301076,1909f56bfc062723c751e8b465ee728b)  -> (artifact id: '9ecfc90552d68fefde415f8f6fcab36f') in 0.004375 seconds 
========================================================================
Received Import Request.
  Time since last request: 6.659359 seconds.
  path: Assets/Scenes/Stage.unity
  artifactKey: Guid(1443318062c3d0a4490296b70eb01574) Importer(815301076,1909f56bfc062723c751e8b465ee728b)
Start importing Assets/Scenes/Stage.unity using Guid(1443318062c3d0a4490296b70eb01574) Importer(815301076,1909f56bfc062723c751e8b465ee728b)  -> (artifact id: 'ab9bf578eb2a733df4d9139170e4c886') in 0.004243 seconds 
========================================================================
Received Import Request.
  Time since last request: 51.768020 seconds.
  path: Assets/Scenes/Tutorial 1.unity
  artifactKey: Guid(d0415984565f8d2469a71fd42d3363b0) Importer(815301076,1909f56bfc062723c751e8b465ee728b)
Start importing Assets/Scenes/Tutorial 1.unity using Guid(d0415984565f8d2469a71fd42d3363b0) Importer(815301076,1909f56bfc062723c751e8b465ee728b)  -> (artifact id: '91616db6716ab5fa26b5b02c4fc39813') in 0.003784 seconds 
========================================================================
Received Import Request.
  Time since last request: 24.802245 seconds.
  path: Assets/Scenes/Tutorial 2.unity
  artifactKey: Guid(ccb0985a21f99914e928f1b7826d1719) Importer(815301076,1909f56bfc062723c751e8b465ee728b)
Start importing Assets/Scenes/Tutorial 2.unity using Guid(ccb0985a21f99914e928f1b7826d1719) Importer(815301076,1909f56bfc062723c751e8b465ee728b)  -> (artifact id: '910b8da9a1607795489d5166a8357c10') in 0.003809 seconds 
========================================================================
Received Import Request.
  Time since last request: 22.363013 seconds.
  path: Assets/Scenes/Tutorial 3.unity
  artifactKey: Guid(b3f8df304e278304fa00e230268fd3b4) Importer(815301076,1909f56bfc062723c751e8b465ee728b)
Start importing Assets/Scenes/Tutorial 3.unity using Guid(b3f8df304e278304fa00e230268fd3b4) Importer(815301076,1909f56bfc062723c751e8b465ee728b)  -> (artifact id: '892e53529b787a102e5c68d8d6b164a7') in 0.004050 seconds 
========================================================================
Received Import Request.
  Time since last request: 24.003029 seconds.
  path: Assets/Scenes/Tutorial 4.unity
  artifactKey: Guid(0706749d45d03764ebc80d16bdc6eba2) Importer(815301076,1909f56bfc062723c751e8b465ee728b)
Start importing Assets/Scenes/Tutorial 4.unity using Guid(0706749d45d03764ebc80d16bdc6eba2) Importer(815301076,1909f56bfc062723c751e8b465ee728b)  -> (artifact id: 'ea32ca4cab6bbd3be8e50dd3b317a687') in 0.004001 seconds 
========================================================================
Received Import Request.
  Time since last request: 24.960282 seconds.
  path: Assets/Scenes/Tutorial.unity
  artifactKey: Guid(7a739e2a9f5335b469ddf3bd3faa6b09) Importer(815301076,1909f56bfc062723c751e8b465ee728b)
Start importing Assets/Scenes/Tutorial.unity using Guid(7a739e2a9f5335b469ddf3bd3faa6b09) Importer(815301076,1909f56bfc062723c751e8b465ee728b)  -> (artifact id: '1d29347d99bad837775a3cb5f99b447c') in 0.003669 seconds 
========================================================================
Received Import Request.
  Time since last request: 47.447772 seconds.
  path: Assets/Scenes/Stage 2.unity
  artifactKey: Guid(97223bacbbb224c45985906bba884d7d) Importer(815301076,1909f56bfc062723c751e8b465ee728b)
Start importing Assets/Scenes/Stage 2.unity using Guid(97223bacbbb224c45985906bba884d7d) Importer(815301076,1909f56bfc062723c751e8b465ee728b)  -> (artifact id: 'e08e41134956479b5c3e21260d528023') in 0.004059 seconds 
========================================================================
Received Import Request.
  Time since last request: 90.738183 seconds.
  path: Assets/Scenes/Stage 3.unity
  artifactKey: Guid(b4e1626d785e34b4e8ff05cab1d5df6c) Importer(815301076,1909f56bfc062723c751e8b465ee728b)
Start importing Assets/Scenes/Stage 3.unity using Guid(b4e1626d785e34b4e8ff05cab1d5df6c) Importer(815301076,1909f56bfc062723c751e8b465ee728b)  -> (artifact id: 'ee690ef97c885e905971ac63210f95c1') in 0.005598 seconds 
========================================================================
Received Import Request.
  Time since last request: 32.986789 seconds.
  path: Assets/Scenes/Stage 4.unity
  artifactKey: Guid(2b72cff841a037540b56fc6ff2612f05) Importer(815301076,1909f56bfc062723c751e8b465ee728b)
Start importing Assets/Scenes/Stage 4.unity using Guid(2b72cff841a037540b56fc6ff2612f05) Importer(815301076,1909f56bfc062723c751e8b465ee728b)  -> (artifact id: '7584ba7e46d320d49f758fc072ee970c') in 0.010069 seconds 
========================================================================
Received Import Request.
  Time since last request: 91.859144 seconds.
  path: Assets/Scenes/Stage 5.unity
  artifactKey: Guid(0b59a4b777932924da3a64bb046efd9c) Importer(815301076,1909f56bfc062723c751e8b465ee728b)
Start importing Assets/Scenes/Stage 5.unity using Guid(0b59a4b777932924da3a64bb046efd9c) Importer(815301076,1909f56bfc062723c751e8b465ee728b)  -> (artifact id: '3f9b4bca6f8c9426db6e553ff6b18d77') in 0.004650 seconds 
